<?xml version="1.0" encoding="UTF-8"?>
<testng-results ignored="0" total="1" passed="1" failed="0" skipped="0">
  <reporter-output>
  </reporter-output>
  <suite started-at="2024-12-16T16:06:49 IST" name="Default suite" finished-at="2024-12-16T16:06:51 IST" duration-ms="2872">
    <groups>
    </groups>
    <test started-at="2024-12-16T16:06:49 IST" name="Default test" finished-at="2024-12-16T16:06:51 IST" duration-ms="2872">
      <class name="admin.MyTest">
        <test-method signature="testMethod1()[pri:0, instance:admin.MyTest@6c1a5b54]" started-at="2024-12-16T16:06:49 IST" name="testMethod1" finished-at="2024-12-16T16:06:51 IST" duration-ms="2824" status="PASS">
          <reporter-output>
          </reporter-output>
        </test-method> <!-- testMethod1 -->
      </class> <!-- admin.MyTest -->
    </test> <!-- Default test -->
  </suite> <!-- Default suite -->
</testng-results>
